2025-08-28 14:32:32,727 INFO o.a.j.u.JMeterUtils: Setting Locale to en_EN
2025-08-28 14:32:32,740 INFO o.a.j.JMeter: Loading user properties from: /opt/homebrew/Cellar/jmeter/5.6.3/libexec/bin/user.properties
2025-08-28 14:32:32,740 INFO o.a.j.JMeter: Loading system properties from: /opt/homebrew/Cellar/jmeter/5.6.3/libexec/bin/system.properties
2025-08-28 14:32:32,743 INFO o.a.j.JMeter: Copyright (c) 1998-2024 The Apache Software Foundation
2025-08-28 14:32:32,743 INFO o.a.j.JMeter: Version 5.6.3
2025-08-28 14:32:32,743 INFO o.a.j.JMeter: java.version=21.0.8
2025-08-28 14:32:32,743 INFO o.a.j.JMeter: java.vm.name=OpenJDK 64-Bit Server VM
2025-08-28 14:32:32,743 INFO o.a.j.JMeter: os.name=Mac OS X
2025-08-28 14:32:32,743 INFO o.a.j.JMeter: os.arch=aarch64
2025-08-28 14:32:32,743 INFO o.a.j.JMeter: os.version=15.6
2025-08-28 14:32:32,743 INFO o.a.j.JMeter: file.encoding=UTF-8
2025-08-28 14:32:32,743 INFO o.a.j.JMeter: java.awt.headless=null
2025-08-28 14:32:32,743 INFO o.a.j.JMeter: Max memory     =1073741824
2025-08-28 14:32:32,743 INFO o.a.j.JMeter: Available Processors =8
2025-08-28 14:32:32,748 INFO o.a.j.JMeter: Default Locale=English (EN)
2025-08-28 14:32:32,748 INFO o.a.j.JMeter: JMeter  Locale=English (EN)
2025-08-28 14:32:32,748 INFO o.a.j.JMeter: JMeterHome=/opt/homebrew/Cellar/jmeter/5.6.3/libexec
2025-08-28 14:32:32,748 INFO o.a.j.JMeter: user.dir  =/Users/iyeongho/Desktop/Project/Study/vip-batch-optimizer
2025-08-28 14:32:32,748 INFO o.a.j.JMeter: PWD       =/Users/iyeongho/Desktop/Project/Study/vip-batch-optimizer
2025-08-28 14:32:32,750 INFO o.a.j.JMeter: IP: 127.0.0.1 Name: iyeonghoui-MacBookAir-3.local FullName: localhost
2025-08-28 14:32:32,756 INFO o.a.j.JMeter: Loaded icon properties from org/apache/jmeter/images/icon.properties
2025-08-28 14:32:33,677 INFO o.a.j.JMeterGuiLauncher: Setting LAF to: com.github.weisj.darklaf.DarkLaf:com.github.weisj.darklaf.theme.DarculaTheme
2025-08-28 14:32:35,523 INFO o.a.j.r.ClassFinder: Will scan jar /opt/homebrew/Cellar/jmeter/5.6.3/libexec/lib/ext/jmeter-plugins-manager-1.9.jar with filter ExtendsClassFilter [parents=[interface org.apache.jmeter.gui.action.Command], inner=false, contains=null, notContains=null]. Consider exposing JMeter plugins via META-INF/services, and add JMeter-Skip-Class-Scanning=true manifest attribute so JMeter can skip classfile scanning
2025-08-28 14:32:35,591 INFO o.a.j.r.ClassFinder: Will scan jar /opt/homebrew/Cellar/jmeter/5.6.3/libexec/lib/ext/jmeter-plugins-manager-1.9.jar with filter ExtendsClassFilter [parents=[interface org.apache.jmeter.gui.plugin.MenuCreator], inner=false, contains=null, notContains=null]. Consider exposing JMeter plugins via META-INF/services, and add JMeter-Skip-Class-Scanning=true manifest attribute so JMeter can skip classfile scanning
2025-08-28 14:32:35,657 INFO o.j.r.JARSourceHTTP: Requesting https://jmeter-plugins.org/repo/?installID=mac_os_x-551134c4f4454b3192c1e382f5c4de63-gui
2025-08-28 14:32:39,452 INFO o.j.r.PluginManager: Plugins Status: [jpgc-plugins-manager=1.9, jmeter-core=5.6.3, jmeter-ftp=5.6.3, jmeter-http=5.6.3, jmeter-jdbc=5.6.3, jmeter-jms=5.6.3, jmeter-junit=5.6.3, jmeter-java=5.6.3, jmeter-ldap=5.6.3, jmeter-mail=5.6.3, jmeter-mongodb=5.6.3, jmeter-native=5.6.3, jmeter-tcp=5.6.3, jmeter-components=5.6.3]
2025-08-28 14:32:39,453 INFO o.j.r.PluginManagerMenuItem: Plugins Manager has upgrades: [jpgc-plugins-manager]
2025-08-28 14:33:45,492 INFO o.a.j.s.FileServer: Default base='/Users/iyeongho/Desktop/Project/Study/vip-batch-optimizer'
2025-08-28 14:33:45,494 INFO o.a.j.s.FileServer: Set new base='/Users/iyeongho/Desktop/Project/Study/vip-batch-optimizer'
2025-08-28 14:33:45,597 INFO o.a.j.s.SaveService: Testplan (JMX) version: 2.2. Testlog (JTL) version: 2.2
2025-08-28 14:33:45,601 INFO o.a.j.s.SaveService: Using SaveService properties version 5.0
2025-08-28 14:33:45,602 INFO o.a.j.s.SaveService: Using SaveService properties file encoding UTF-8
2025-08-28 14:34:24,592 INFO o.a.j.p.h.s.HTTPSamplerBase: Parser for text/html is org.apache.jmeter.protocol.http.parser.LagartoBasedHtmlParser
2025-08-28 14:34:24,593 INFO o.a.j.p.h.s.HTTPSamplerBase: Parser for application/xhtml+xml is org.apache.jmeter.protocol.http.parser.LagartoBasedHtmlParser
2025-08-28 14:34:24,593 INFO o.a.j.p.h.s.HTTPSamplerBase: Parser for application/xml is org.apache.jmeter.protocol.http.parser.LagartoBasedHtmlParser
2025-08-28 14:34:24,593 INFO o.a.j.p.h.s.HTTPSamplerBase: Parser for text/xml is org.apache.jmeter.protocol.http.parser.LagartoBasedHtmlParser
2025-08-28 14:34:24,593 INFO o.a.j.p.h.s.HTTPSamplerBase: Parser for text/vnd.wap.wml is org.apache.jmeter.protocol.http.parser.RegexpHTMLParser
2025-08-28 14:34:24,593 INFO o.a.j.p.h.s.HTTPSamplerBase: Parser for text/css is org.apache.jmeter.protocol.http.parser.CssParser
2025-08-28 14:46:50,736 INFO o.a.j.s.SampleResult: Note: Sample TimeStamps are START times
2025-08-28 14:46:50,738 INFO o.a.j.s.SampleResult: sampleresult.default.encoding is set to UTF-8
2025-08-28 14:46:50,738 INFO o.a.j.s.SampleResult: sampleresult.useNanoTime=true
2025-08-28 14:46:50,738 INFO o.a.j.s.SampleResult: sampleresult.nanoThreadSleep=5000
2025-08-28 14:46:50,843 INFO o.a.j.r.ClassFinder: Will scan jar /opt/homebrew/Cellar/jmeter/5.6.3/libexec/lib/ext/jmeter-plugins-manager-1.9.jar with filter ExtendsClassFilter [parents=[interface org.apache.jmeter.visualizers.ResultRenderer], inner=false, contains=null, notContains=null]. Consider exposing JMeter plugins via META-INF/services, and add JMeter-Skip-Class-Scanning=true manifest attribute so JMeter can skip classfile scanning
2025-08-28 14:46:50,854 INFO o.a.j.r.ClassFinder: Will scan jar /opt/homebrew/Cellar/jmeter/5.6.3/libexec/lib/ext/jmeter-plugins-manager-1.9.jar with filter ExtendsClassFilter [parents=[interface org.apache.jmeter.visualizers.RequestView], inner=false, contains=null, notContains=null]. Consider exposing JMeter plugins via META-INF/services, and add JMeter-Skip-Class-Scanning=true manifest attribute so JMeter can skip classfile scanning
2025-08-28 14:53:10,121 INFO o.a.j.e.StandardJMeterEngine: Running the test!
2025-08-28 14:53:10,122 INFO o.a.j.s.SampleEvent: List of sample_variables: []
2025-08-28 14:53:10,122 INFO o.a.j.s.SampleEvent: List of sample_variables: []
2025-08-28 14:53:10,123 INFO o.a.j.e.u.CompoundVariable: Note: Function class names must contain the string: '.functions.'
2025-08-28 14:53:10,123 INFO o.a.j.e.u.CompoundVariable: Note: Function class names must not contain the string: '.gui.'
2025-08-28 14:53:10,157 INFO o.a.j.r.ClassFinder: Will scan jar /opt/homebrew/Cellar/jmeter/5.6.3/libexec/lib/ext/jmeter-plugins-manager-1.9.jar with filter ExtendsClassFilter [parents=[interface org.apache.jmeter.functions.Function], inner=false, contains=null, notContains=null]. Consider exposing JMeter plugins via META-INF/services, and add JMeter-Skip-Class-Scanning=true manifest attribute so JMeter can skip classfile scanning
2025-08-28 14:53:10,162 INFO o.a.j.g.u.JMeterMenuBar: setRunning(true, *local*)
2025-08-28 14:53:10,166 INFO o.a.j.e.StandardJMeterEngine: Starting setUp thread groups
2025-08-28 14:53:10,166 INFO o.a.j.e.StandardJMeterEngine: Starting setUp ThreadGroup: 1 : 1. 동시 사용자 트래픽 
2025-08-28 14:53:10,166 INFO o.a.j.e.StandardJMeterEngine: Starting 1 threads for group 1. 동시 사용자 트래픽.
2025-08-28 14:53:10,166 INFO o.a.j.e.StandardJMeterEngine: Thread will continue on error
2025-08-28 14:53:10,166 INFO o.a.j.t.ThreadGroup: Starting thread group... number=1 threads=1 ramp-up=1 delayedStart=false
2025-08-28 14:53:10,167 INFO o.a.j.t.ThreadGroup: Started thread group number 1
2025-08-28 14:53:10,168 INFO o.a.j.e.StandardJMeterEngine: Waiting for all setup thread groups to exit
2025-08-28 14:53:10,168 INFO o.a.j.t.JMeterThread: Thread started: 1. 동시 사용자 트래픽 1-1
2025-08-28 14:53:10,175 INFO o.a.j.p.h.s.HTTPHCAbstractImpl: Local host = iyeonghoui-MacBookAir-3.local
2025-08-28 14:53:10,180 INFO o.a.j.p.h.s.HTTPHC4Impl: HTTP request retry count = 0
2025-08-28 14:53:10,291 INFO o.a.j.t.JMeterThread: Thread is done: 1. 동시 사용자 트래픽 1-1
2025-08-28 14:53:10,291 INFO o.a.j.t.JMeterThread: Thread finished: 1. 동시 사용자 트래픽 1-1
2025-08-28 14:53:10,291 INFO o.a.j.e.StandardJMeterEngine: All Setup Threads have ended
2025-08-28 14:53:10,356 INFO o.a.j.e.StandardJMeterEngine: Starting ThreadGroup: 1 : 0. 베이스라인 성능 측정
2025-08-28 14:53:10,356 INFO o.a.j.e.StandardJMeterEngine: Starting 100 threads for group 0. 베이스라인 성능 측정.
2025-08-28 14:53:10,356 INFO o.a.j.e.StandardJMeterEngine: Thread will continue on error
2025-08-28 14:53:10,356 INFO o.a.j.t.ThreadGroup: Starting thread group... number=1 threads=100 ramp-up=10 delayedStart=false
2025-08-28 14:53:10,357 INFO o.a.j.t.JMeterThread: Thread started: 0. 베이스라인 성능 측정 1-1
2025-08-28 14:53:10,395 INFO o.a.j.t.ThreadGroup: Started thread group number 1
2025-08-28 14:53:10,395 INFO o.a.j.e.StandardJMeterEngine: All thread groups have been started
2025-08-28 14:53:10,449 INFO o.a.j.t.JMeterThread: Thread is done: 0. 베이스라인 성능 측정 1-1
2025-08-28 14:53:10,449 INFO o.a.j.t.JMeterThread: Thread finished: 0. 베이스라인 성능 측정 1-1
2025-08-28 14:53:10,458 INFO o.a.j.t.JMeterThread: Thread started: 0. 베이스라인 성능 측정 1-2
2025-08-28 14:53:10,514 INFO o.a.j.t.JMeterThread: Thread is done: 0. 베이스라인 성능 측정 1-2
2025-08-28 14:53:10,514 INFO o.a.j.t.JMeterThread: Thread finished: 0. 베이스라인 성능 측정 1-2
2025-08-28 14:53:10,558 INFO o.a.j.t.JMeterThread: Thread started: 0. 베이스라인 성능 측정 1-3
2025-08-28 14:53:10,610 INFO o.a.j.t.JMeterThread: Thread is done: 0. 베이스라인 성능 측정 1-3
2025-08-28 14:53:10,610 INFO o.a.j.t.JMeterThread: Thread finished: 0. 베이스라인 성능 측정 1-3
2025-08-28 14:53:10,661 INFO o.a.j.t.JMeterThread: Thread started: 0. 베이스라인 성능 측정 1-4
2025-08-28 14:53:10,709 INFO o.a.j.t.JMeterThread: Thread is done: 0. 베이스라인 성능 측정 1-4
2025-08-28 14:53:10,709 INFO o.a.j.t.JMeterThread: Thread finished: 0. 베이스라인 성능 측정 1-4
2025-08-28 14:53:10,762 INFO o.a.j.t.JMeterThread: Thread started: 0. 베이스라인 성능 측정 1-5
2025-08-28 14:53:10,810 INFO o.a.j.t.JMeterThread: Thread is done: 0. 베이스라인 성능 측정 1-5
2025-08-28 14:53:10,810 INFO o.a.j.t.JMeterThread: Thread finished: 0. 베이스라인 성능 측정 1-5
2025-08-28 14:53:10,860 INFO o.a.j.t.JMeterThread: Thread started: 0. 베이스라인 성능 측정 1-6
2025-08-28 14:53:10,907 INFO o.a.j.t.JMeterThread: Thread is done: 0. 베이스라인 성능 측정 1-6
2025-08-28 14:53:10,910 INFO o.a.j.t.JMeterThread: Thread finished: 0. 베이스라인 성능 측정 1-6
2025-08-28 14:53:10,961 INFO o.a.j.t.JMeterThread: Thread started: 0. 베이스라인 성능 측정 1-7
2025-08-28 14:53:11,019 INFO o.a.j.t.JMeterThread: Thread is done: 0. 베이스라인 성능 측정 1-7
2025-08-28 14:53:11,019 INFO o.a.j.t.JMeterThread: Thread finished: 0. 베이스라인 성능 측정 1-7
2025-08-28 14:53:11,062 INFO o.a.j.t.JMeterThread: Thread started: 0. 베이스라인 성능 측정 1-8
2025-08-28 14:53:11,112 INFO o.a.j.t.JMeterThread: Thread is done: 0. 베이스라인 성능 측정 1-8
2025-08-28 14:53:11,112 INFO o.a.j.t.JMeterThread: Thread finished: 0. 베이스라인 성능 측정 1-8
2025-08-28 14:53:11,161 INFO o.a.j.t.JMeterThread: Thread started: 0. 베이스라인 성능 측정 1-9
2025-08-28 14:53:11,204 INFO o.a.j.t.JMeterThread: Thread is done: 0. 베이스라인 성능 측정 1-9
2025-08-28 14:53:11,204 INFO o.a.j.t.JMeterThread: Thread finished: 0. 베이스라인 성능 측정 1-9
2025-08-28 14:53:11,261 INFO o.a.j.t.JMeterThread: Thread started: 0. 베이스라인 성능 측정 1-10
2025-08-28 14:53:11,307 INFO o.a.j.t.JMeterThread: Thread is done: 0. 베이스라인 성능 측정 1-10
2025-08-28 14:53:11,307 INFO o.a.j.t.JMeterThread: Thread finished: 0. 베이스라인 성능 측정 1-10
2025-08-28 14:53:11,361 INFO o.a.j.t.JMeterThread: Thread started: 0. 베이스라인 성능 측정 1-11
2025-08-28 14:53:11,406 INFO o.a.j.t.JMeterThread: Thread is done: 0. 베이스라인 성능 측정 1-11
2025-08-28 14:53:11,406 INFO o.a.j.t.JMeterThread: Thread finished: 0. 베이스라인 성능 측정 1-11
2025-08-28 14:53:11,460 INFO o.a.j.t.JMeterThread: Thread started: 0. 베이스라인 성능 측정 1-12
2025-08-28 14:53:11,504 INFO o.a.j.t.JMeterThread: Thread is done: 0. 베이스라인 성능 측정 1-12
2025-08-28 14:53:11,505 INFO o.a.j.t.JMeterThread: Thread finished: 0. 베이스라인 성능 측정 1-12
2025-08-28 14:53:11,561 INFO o.a.j.t.JMeterThread: Thread started: 0. 베이스라인 성능 측정 1-13
2025-08-28 14:53:11,625 INFO o.a.j.t.JMeterThread: Thread is done: 0. 베이스라인 성능 측정 1-13
2025-08-28 14:53:11,625 INFO o.a.j.t.JMeterThread: Thread finished: 0. 베이스라인 성능 측정 1-13
2025-08-28 14:53:11,661 INFO o.a.j.t.JMeterThread: Thread started: 0. 베이스라인 성능 측정 1-14
2025-08-28 14:53:11,703 INFO o.a.j.t.JMeterThread: Thread is done: 0. 베이스라인 성능 측정 1-14
2025-08-28 14:53:11,703 INFO o.a.j.t.JMeterThread: Thread finished: 0. 베이스라인 성능 측정 1-14
2025-08-28 14:53:11,762 INFO o.a.j.t.JMeterThread: Thread started: 0. 베이스라인 성능 측정 1-15
2025-08-28 14:53:11,806 INFO o.a.j.t.JMeterThread: Thread is done: 0. 베이스라인 성능 측정 1-15
2025-08-28 14:53:11,806 INFO o.a.j.t.JMeterThread: Thread finished: 0. 베이스라인 성능 측정 1-15
2025-08-28 14:53:11,862 INFO o.a.j.t.JMeterThread: Thread started: 0. 베이스라인 성능 측정 1-16
2025-08-28 14:53:11,907 INFO o.a.j.t.JMeterThread: Thread is done: 0. 베이스라인 성능 측정 1-16
2025-08-28 14:53:11,907 INFO o.a.j.t.JMeterThread: Thread finished: 0. 베이스라인 성능 측정 1-16
2025-08-28 14:53:11,959 INFO o.a.j.t.JMeterThread: Thread started: 0. 베이스라인 성능 측정 1-17
2025-08-28 14:53:12,000 INFO o.a.j.t.JMeterThread: Thread is done: 0. 베이스라인 성능 측정 1-17
2025-08-28 14:53:12,001 INFO o.a.j.t.JMeterThread: Thread finished: 0. 베이스라인 성능 측정 1-17
2025-08-28 14:53:12,059 INFO o.a.j.t.JMeterThread: Thread started: 0. 베이스라인 성능 측정 1-18
2025-08-28 14:53:12,102 INFO o.a.j.t.JMeterThread: Thread is done: 0. 베이스라인 성능 측정 1-18
2025-08-28 14:53:12,102 INFO o.a.j.t.JMeterThread: Thread finished: 0. 베이스라인 성능 측정 1-18
2025-08-28 14:53:12,157 INFO o.a.j.t.JMeterThread: Thread started: 0. 베이스라인 성능 측정 1-19
2025-08-28 14:53:12,200 INFO o.a.j.t.JMeterThread: Thread is done: 0. 베이스라인 성능 측정 1-19
2025-08-28 14:53:12,200 INFO o.a.j.t.JMeterThread: Thread finished: 0. 베이스라인 성능 측정 1-19
2025-08-28 14:53:12,262 INFO o.a.j.t.JMeterThread: Thread started: 0. 베이스라인 성능 측정 1-20
2025-08-28 14:53:12,300 INFO o.a.j.t.JMeterThread: Thread is done: 0. 베이스라인 성능 측정 1-20
2025-08-28 14:53:12,300 INFO o.a.j.t.JMeterThread: Thread finished: 0. 베이스라인 성능 측정 1-20
2025-08-28 14:53:12,362 INFO o.a.j.t.JMeterThread: Thread started: 0. 베이스라인 성능 측정 1-21
2025-08-28 14:53:12,402 INFO o.a.j.t.JMeterThread: Thread is done: 0. 베이스라인 성능 측정 1-21
2025-08-28 14:53:12,402 INFO o.a.j.t.JMeterThread: Thread finished: 0. 베이스라인 성능 측정 1-21
2025-08-28 14:53:12,462 INFO o.a.j.t.JMeterThread: Thread started: 0. 베이스라인 성능 측정 1-22
2025-08-28 14:53:12,502 INFO o.a.j.t.JMeterThread: Thread is done: 0. 베이스라인 성능 측정 1-22
2025-08-28 14:53:12,502 INFO o.a.j.t.JMeterThread: Thread finished: 0. 베이스라인 성능 측정 1-22
2025-08-28 14:53:12,556 INFO o.a.j.t.JMeterThread: Thread started: 0. 베이스라인 성능 측정 1-23
2025-08-28 14:53:12,604 INFO o.a.j.t.JMeterThread: Thread is done: 0. 베이스라인 성능 측정 1-23
2025-08-28 14:53:12,604 INFO o.a.j.t.JMeterThread: Thread finished: 0. 베이스라인 성능 측정 1-23
2025-08-28 14:53:12,657 INFO o.a.j.t.JMeterThread: Thread started: 0. 베이스라인 성능 측정 1-24
2025-08-28 14:53:12,692 INFO o.a.j.t.JMeterThread: Thread is done: 0. 베이스라인 성능 측정 1-24
2025-08-28 14:53:12,692 INFO o.a.j.t.JMeterThread: Thread finished: 0. 베이스라인 성능 측정 1-24
2025-08-28 14:53:12,761 INFO o.a.j.t.JMeterThread: Thread started: 0. 베이스라인 성능 측정 1-25
2025-08-28 14:53:12,802 INFO o.a.j.t.JMeterThread: Thread is done: 0. 베이스라인 성능 측정 1-25
2025-08-28 14:53:12,802 INFO o.a.j.t.JMeterThread: Thread finished: 0. 베이스라인 성능 측정 1-25
2025-08-28 14:53:12,862 INFO o.a.j.t.JMeterThread: Thread started: 0. 베이스라인 성능 측정 1-26
2025-08-28 14:53:12,902 INFO o.a.j.t.JMeterThread: Thread is done: 0. 베이스라인 성능 측정 1-26
2025-08-28 14:53:12,902 INFO o.a.j.t.JMeterThread: Thread finished: 0. 베이스라인 성능 측정 1-26
2025-08-28 14:53:12,958 INFO o.a.j.t.JMeterThread: Thread started: 0. 베이스라인 성능 측정 1-27
2025-08-28 14:53:12,997 INFO o.a.j.t.JMeterThread: Thread is done: 0. 베이스라인 성능 측정 1-27
2025-08-28 14:53:12,997 INFO o.a.j.t.JMeterThread: Thread finished: 0. 베이스라인 성능 측정 1-27
2025-08-28 14:53:13,058 INFO o.a.j.t.JMeterThread: Thread started: 0. 베이스라인 성능 측정 1-28
2025-08-28 14:53:13,101 INFO o.a.j.t.JMeterThread: Thread is done: 0. 베이스라인 성능 측정 1-28
2025-08-28 14:53:13,101 INFO o.a.j.t.JMeterThread: Thread finished: 0. 베이스라인 성능 측정 1-28
2025-08-28 14:53:13,162 INFO o.a.j.t.JMeterThread: Thread started: 0. 베이스라인 성능 측정 1-29
2025-08-28 14:53:13,205 INFO o.a.j.t.JMeterThread: Thread is done: 0. 베이스라인 성능 측정 1-29
2025-08-28 14:53:13,205 INFO o.a.j.t.JMeterThread: Thread finished: 0. 베이스라인 성능 측정 1-29
2025-08-28 14:53:13,262 INFO o.a.j.t.JMeterThread: Thread started: 0. 베이스라인 성능 측정 1-30
2025-08-28 14:53:13,311 INFO o.a.j.t.JMeterThread: Thread is done: 0. 베이스라인 성능 측정 1-30
2025-08-28 14:53:13,311 INFO o.a.j.t.JMeterThread: Thread finished: 0. 베이스라인 성능 측정 1-30
2025-08-28 14:53:13,356 INFO o.a.j.t.JMeterThread: Thread started: 0. 베이스라인 성능 측정 1-31
2025-08-28 14:53:13,393 INFO o.a.j.t.JMeterThread: Thread is done: 0. 베이스라인 성능 측정 1-31
2025-08-28 14:53:13,393 INFO o.a.j.t.JMeterThread: Thread finished: 0. 베이스라인 성능 측정 1-31
2025-08-28 14:53:13,463 INFO o.a.j.t.JMeterThread: Thread started: 0. 베이스라인 성능 측정 1-32
2025-08-28 14:53:13,504 INFO o.a.j.t.JMeterThread: Thread is done: 0. 베이스라인 성능 측정 1-32
2025-08-28 14:53:13,505 INFO o.a.j.t.JMeterThread: Thread finished: 0. 베이스라인 성능 측정 1-32
2025-08-28 14:53:13,566 INFO o.a.j.t.JMeterThread: Thread started: 0. 베이스라인 성능 측정 1-33
2025-08-28 14:53:13,607 INFO o.a.j.t.JMeterThread: Thread is done: 0. 베이스라인 성능 측정 1-33
2025-08-28 14:53:13,607 INFO o.a.j.t.JMeterThread: Thread finished: 0. 베이스라인 성능 측정 1-33
2025-08-28 14:53:13,661 INFO o.a.j.t.JMeterThread: Thread started: 0. 베이스라인 성능 측정 1-34
2025-08-28 14:53:13,698 INFO o.a.j.t.JMeterThread: Thread is done: 0. 베이스라인 성능 측정 1-34
2025-08-28 14:53:13,698 INFO o.a.j.t.JMeterThread: Thread finished: 0. 베이스라인 성능 측정 1-34
2025-08-28 14:53:13,758 INFO o.a.j.t.JMeterThread: Thread started: 0. 베이스라인 성능 측정 1-35
2025-08-28 14:53:13,794 INFO o.a.j.t.JMeterThread: Thread is done: 0. 베이스라인 성능 측정 1-35
2025-08-28 14:53:13,795 INFO o.a.j.t.JMeterThread: Thread finished: 0. 베이스라인 성능 측정 1-35
2025-08-28 14:53:13,862 INFO o.a.j.t.JMeterThread: Thread started: 0. 베이스라인 성능 측정 1-36
2025-08-28 14:53:13,898 INFO o.a.j.t.JMeterThread: Thread is done: 0. 베이스라인 성능 측정 1-36
2025-08-28 14:53:13,898 INFO o.a.j.t.JMeterThread: Thread finished: 0. 베이스라인 성능 측정 1-36
2025-08-28 14:53:13,957 INFO o.a.j.t.JMeterThread: Thread started: 0. 베이스라인 성능 측정 1-37
2025-08-28 14:53:13,989 INFO o.a.j.t.JMeterThread: Thread is done: 0. 베이스라인 성능 측정 1-37
2025-08-28 14:53:13,989 INFO o.a.j.t.JMeterThread: Thread finished: 0. 베이스라인 성능 측정 1-37
2025-08-28 14:53:14,061 INFO o.a.j.t.JMeterThread: Thread started: 0. 베이스라인 성능 측정 1-38
2025-08-28 14:53:14,113 INFO o.a.j.t.JMeterThread: Thread is done: 0. 베이스라인 성능 측정 1-38
2025-08-28 14:53:14,113 INFO o.a.j.t.JMeterThread: Thread finished: 0. 베이스라인 성능 측정 1-38
2025-08-28 14:53:14,161 INFO o.a.j.t.JMeterThread: Thread started: 0. 베이스라인 성능 측정 1-39
2025-08-28 14:53:14,222 INFO o.a.j.t.JMeterThread: Thread is done: 0. 베이스라인 성능 측정 1-39
2025-08-28 14:53:14,222 INFO o.a.j.t.JMeterThread: Thread finished: 0. 베이스라인 성능 측정 1-39
2025-08-28 14:53:14,262 INFO o.a.j.t.JMeterThread: Thread started: 0. 베이스라인 성능 측정 1-40
2025-08-28 14:53:14,295 INFO o.a.j.t.JMeterThread: Thread is done: 0. 베이스라인 성능 측정 1-40
2025-08-28 14:53:14,295 INFO o.a.j.t.JMeterThread: Thread finished: 0. 베이스라인 성능 측정 1-40
2025-08-28 14:53:14,363 INFO o.a.j.t.JMeterThread: Thread started: 0. 베이스라인 성능 측정 1-41
2025-08-28 14:53:14,397 INFO o.a.j.t.JMeterThread: Thread is done: 0. 베이스라인 성능 측정 1-41
2025-08-28 14:53:14,397 INFO o.a.j.t.JMeterThread: Thread finished: 0. 베이스라인 성능 측정 1-41
2025-08-28 14:53:14,461 INFO o.a.j.t.JMeterThread: Thread started: 0. 베이스라인 성능 측정 1-42
2025-08-28 14:53:14,503 INFO o.a.j.t.JMeterThread: Thread is done: 0. 베이스라인 성능 측정 1-42
2025-08-28 14:53:14,503 INFO o.a.j.t.JMeterThread: Thread finished: 0. 베이스라인 성능 측정 1-42
2025-08-28 14:53:14,560 INFO o.a.j.t.JMeterThread: Thread started: 0. 베이스라인 성능 측정 1-43
2025-08-28 14:53:14,609 INFO o.a.j.t.JMeterThread: Thread is done: 0. 베이스라인 성능 측정 1-43
2025-08-28 14:53:14,609 INFO o.a.j.t.JMeterThread: Thread finished: 0. 베이스라인 성능 측정 1-43
2025-08-28 14:53:14,659 INFO o.a.j.t.JMeterThread: Thread started: 0. 베이스라인 성능 측정 1-44
2025-08-28 14:53:14,727 INFO o.a.j.t.JMeterThread: Thread is done: 0. 베이스라인 성능 측정 1-44
2025-08-28 14:53:14,727 INFO o.a.j.t.JMeterThread: Thread finished: 0. 베이스라인 성능 측정 1-44
2025-08-28 14:53:14,756 INFO o.a.j.t.JMeterThread: Thread started: 0. 베이스라인 성능 측정 1-45
2025-08-28 14:53:14,790 INFO o.a.j.t.JMeterThread: Thread is done: 0. 베이스라인 성능 측정 1-45
2025-08-28 14:53:14,790 INFO o.a.j.t.JMeterThread: Thread finished: 0. 베이스라인 성능 측정 1-45
2025-08-28 14:53:14,861 INFO o.a.j.t.JMeterThread: Thread started: 0. 베이스라인 성능 측정 1-46
2025-08-28 14:53:14,901 INFO o.a.j.t.JMeterThread: Thread is done: 0. 베이스라인 성능 측정 1-46
2025-08-28 14:53:14,901 INFO o.a.j.t.JMeterThread: Thread finished: 0. 베이스라인 성능 측정 1-46
2025-08-28 14:53:14,961 INFO o.a.j.t.JMeterThread: Thread started: 0. 베이스라인 성능 측정 1-47
2025-08-28 14:53:14,997 INFO o.a.j.t.JMeterThread: Thread is done: 0. 베이스라인 성능 측정 1-47
2025-08-28 14:53:14,997 INFO o.a.j.t.JMeterThread: Thread finished: 0. 베이스라인 성능 측정 1-47
2025-08-28 14:53:15,062 INFO o.a.j.t.JMeterThread: Thread started: 0. 베이스라인 성능 측정 1-48
2025-08-28 14:53:15,108 INFO o.a.j.t.JMeterThread: Thread is done: 0. 베이스라인 성능 측정 1-48
2025-08-28 14:53:15,108 INFO o.a.j.t.JMeterThread: Thread finished: 0. 베이스라인 성능 측정 1-48
2025-08-28 14:53:15,161 INFO o.a.j.t.JMeterThread: Thread started: 0. 베이스라인 성능 측정 1-49
2025-08-28 14:53:15,234 INFO o.a.j.t.JMeterThread: Thread is done: 0. 베이스라인 성능 측정 1-49
2025-08-28 14:53:15,234 INFO o.a.j.t.JMeterThread: Thread finished: 0. 베이스라인 성능 측정 1-49
2025-08-28 14:53:15,256 INFO o.a.j.t.JMeterThread: Thread started: 0. 베이스라인 성능 측정 1-50
2025-08-28 14:53:15,289 INFO o.a.j.t.JMeterThread: Thread is done: 0. 베이스라인 성능 측정 1-50
2025-08-28 14:53:15,289 INFO o.a.j.t.JMeterThread: Thread finished: 0. 베이스라인 성능 측정 1-50
2025-08-28 14:53:15,359 INFO o.a.j.t.JMeterThread: Thread started: 0. 베이스라인 성능 측정 1-51
2025-08-28 14:53:15,396 INFO o.a.j.t.JMeterThread: Thread is done: 0. 베이스라인 성능 측정 1-51
2025-08-28 14:53:15,397 INFO o.a.j.t.JMeterThread: Thread finished: 0. 베이스라인 성능 측정 1-51
2025-08-28 14:53:15,461 INFO o.a.j.t.JMeterThread: Thread started: 0. 베이스라인 성능 측정 1-52
2025-08-28 14:53:15,506 INFO o.a.j.t.JMeterThread: Thread is done: 0. 베이스라인 성능 측정 1-52
2025-08-28 14:53:15,506 INFO o.a.j.t.JMeterThread: Thread finished: 0. 베이스라인 성능 측정 1-52
2025-08-28 14:53:15,562 INFO o.a.j.t.JMeterThread: Thread started: 0. 베이스라인 성능 측정 1-53
2025-08-28 14:53:15,590 INFO o.a.j.t.JMeterThread: Thread is done: 0. 베이스라인 성능 측정 1-53
2025-08-28 14:53:15,590 INFO o.a.j.t.JMeterThread: Thread finished: 0. 베이스라인 성능 측정 1-53
2025-08-28 14:53:15,661 INFO o.a.j.t.JMeterThread: Thread started: 0. 베이스라인 성능 측정 1-54
2025-08-28 14:53:15,729 INFO o.a.j.t.JMeterThread: Thread is done: 0. 베이스라인 성능 측정 1-54
2025-08-28 14:53:15,729 INFO o.a.j.t.JMeterThread: Thread finished: 0. 베이스라인 성능 측정 1-54
2025-08-28 14:53:15,761 INFO o.a.j.t.JMeterThread: Thread started: 0. 베이스라인 성능 측정 1-55
2025-08-28 14:53:15,792 INFO o.a.j.t.JMeterThread: Thread is done: 0. 베이스라인 성능 측정 1-55
2025-08-28 14:53:15,792 INFO o.a.j.t.JMeterThread: Thread finished: 0. 베이스라인 성능 측정 1-55
2025-08-28 14:53:15,859 INFO o.a.j.t.JMeterThread: Thread started: 0. 베이스라인 성능 측정 1-56
2025-08-28 14:53:15,896 INFO o.a.j.t.JMeterThread: Thread is done: 0. 베이스라인 성능 측정 1-56
2025-08-28 14:53:15,896 INFO o.a.j.t.JMeterThread: Thread finished: 0. 베이스라인 성능 측정 1-56
2025-08-28 14:53:15,958 INFO o.a.j.t.JMeterThread: Thread started: 0. 베이스라인 성능 측정 1-57
2025-08-28 14:53:15,998 INFO o.a.j.t.JMeterThread: Thread is done: 0. 베이스라인 성능 측정 1-57
2025-08-28 14:53:15,999 INFO o.a.j.t.JMeterThread: Thread finished: 0. 베이스라인 성능 측정 1-57
2025-08-28 14:53:16,061 INFO o.a.j.t.JMeterThread: Thread started: 0. 베이스라인 성능 측정 1-58
2025-08-28 14:53:16,097 INFO o.a.j.t.JMeterThread: Thread is done: 0. 베이스라인 성능 측정 1-58
2025-08-28 14:53:16,097 INFO o.a.j.t.JMeterThread: Thread finished: 0. 베이스라인 성능 측정 1-58
2025-08-28 14:53:16,161 INFO o.a.j.t.JMeterThread: Thread started: 0. 베이스라인 성능 측정 1-59
2025-08-28 14:53:16,236 INFO o.a.j.t.JMeterThread: Thread is done: 0. 베이스라인 성능 측정 1-59
2025-08-28 14:53:16,237 INFO o.a.j.t.JMeterThread: Thread finished: 0. 베이스라인 성능 측정 1-59
2025-08-28 14:53:16,262 INFO o.a.j.t.JMeterThread: Thread started: 0. 베이스라인 성능 측정 1-60
2025-08-28 14:53:16,292 INFO o.a.j.t.JMeterThread: Thread is done: 0. 베이스라인 성능 측정 1-60
2025-08-28 14:53:16,292 INFO o.a.j.t.JMeterThread: Thread finished: 0. 베이스라인 성능 측정 1-60
2025-08-28 14:53:16,361 INFO o.a.j.t.JMeterThread: Thread started: 0. 베이스라인 성능 측정 1-61
2025-08-28 14:53:16,398 INFO o.a.j.t.JMeterThread: Thread is done: 0. 베이스라인 성능 측정 1-61
2025-08-28 14:53:16,398 INFO o.a.j.t.JMeterThread: Thread finished: 0. 베이스라인 성능 측정 1-61
2025-08-28 14:53:16,457 INFO o.a.j.t.JMeterThread: Thread started: 0. 베이스라인 성능 측정 1-62
2025-08-28 14:53:16,491 INFO o.a.j.t.JMeterThread: Thread is done: 0. 베이스라인 성능 측정 1-62
2025-08-28 14:53:16,492 INFO o.a.j.t.JMeterThread: Thread finished: 0. 베이스라인 성능 측정 1-62
2025-08-28 14:53:16,563 INFO o.a.j.t.JMeterThread: Thread started: 0. 베이스라인 성능 측정 1-63
2025-08-28 14:53:16,599 INFO o.a.j.t.JMeterThread: Thread is done: 0. 베이스라인 성능 측정 1-63
2025-08-28 14:53:16,600 INFO o.a.j.t.JMeterThread: Thread finished: 0. 베이스라인 성능 측정 1-63
2025-08-28 14:53:16,661 INFO o.a.j.t.JMeterThread: Thread started: 0. 베이스라인 성능 측정 1-64
2025-08-28 14:53:16,736 INFO o.a.j.t.JMeterThread: Thread is done: 0. 베이스라인 성능 측정 1-64
2025-08-28 14:53:16,736 INFO o.a.j.t.JMeterThread: Thread finished: 0. 베이스라인 성능 측정 1-64
2025-08-28 14:53:16,761 INFO o.a.j.t.JMeterThread: Thread started: 0. 베이스라인 성능 측정 1-65
2025-08-28 14:53:16,791 INFO o.a.j.t.JMeterThread: Thread is done: 0. 베이스라인 성능 측정 1-65
2025-08-28 14:53:16,792 INFO o.a.j.t.JMeterThread: Thread finished: 0. 베이스라인 성능 측정 1-65
2025-08-28 14:53:16,862 INFO o.a.j.t.JMeterThread: Thread started: 0. 베이스라인 성능 측정 1-66
2025-08-28 14:53:16,908 INFO o.a.j.t.JMeterThread: Thread is done: 0. 베이스라인 성능 측정 1-66
2025-08-28 14:53:16,908 INFO o.a.j.t.JMeterThread: Thread finished: 0. 베이스라인 성능 측정 1-66
2025-08-28 14:53:16,962 INFO o.a.j.t.JMeterThread: Thread started: 0. 베이스라인 성능 측정 1-67
2025-08-28 14:53:17,014 INFO o.a.j.t.JMeterThread: Thread is done: 0. 베이스라인 성능 측정 1-67
2025-08-28 14:53:17,014 INFO o.a.j.t.JMeterThread: Thread finished: 0. 베이스라인 성능 측정 1-67
2025-08-28 14:53:17,061 INFO o.a.j.t.JMeterThread: Thread started: 0. 베이스라인 성능 측정 1-68
2025-08-28 14:53:17,112 INFO o.a.j.t.JMeterThread: Thread is done: 0. 베이스라인 성능 측정 1-68
2025-08-28 14:53:17,112 INFO o.a.j.t.JMeterThread: Thread finished: 0. 베이스라인 성능 측정 1-68
2025-08-28 14:53:17,161 INFO o.a.j.t.JMeterThread: Thread started: 0. 베이스라인 성능 측정 1-69
2025-08-28 14:53:17,225 INFO o.a.j.t.JMeterThread: Thread is done: 0. 베이스라인 성능 측정 1-69
2025-08-28 14:53:17,225 INFO o.a.j.t.JMeterThread: Thread finished: 0. 베이스라인 성능 측정 1-69
2025-08-28 14:53:17,261 INFO o.a.j.t.JMeterThread: Thread started: 0. 베이스라인 성능 측정 1-70
2025-08-28 14:53:17,290 INFO o.a.j.t.JMeterThread: Thread is done: 0. 베이스라인 성능 측정 1-70
2025-08-28 14:53:17,290 INFO o.a.j.t.JMeterThread: Thread finished: 0. 베이스라인 성능 측정 1-70
2025-08-28 14:53:17,361 INFO o.a.j.t.JMeterThread: Thread started: 0. 베이스라인 성능 측정 1-71
2025-08-28 14:53:17,407 INFO o.a.j.t.JMeterThread: Thread is done: 0. 베이스라인 성능 측정 1-71
2025-08-28 14:53:17,408 INFO o.a.j.t.JMeterThread: Thread finished: 0. 베이스라인 성능 측정 1-71
2025-08-28 14:53:17,461 INFO o.a.j.t.JMeterThread: Thread started: 0. 베이스라인 성능 측정 1-72
2025-08-28 14:53:17,506 INFO o.a.j.t.JMeterThread: Thread is done: 0. 베이스라인 성능 측정 1-72
2025-08-28 14:53:17,506 INFO o.a.j.t.JMeterThread: Thread finished: 0. 베이스라인 성능 측정 1-72
2025-08-28 14:53:17,556 INFO o.a.j.t.JMeterThread: Thread started: 0. 베이스라인 성능 측정 1-73
2025-08-28 14:53:17,593 INFO o.a.j.t.JMeterThread: Thread is done: 0. 베이스라인 성능 측정 1-73
2025-08-28 14:53:17,593 INFO o.a.j.t.JMeterThread: Thread finished: 0. 베이스라인 성능 측정 1-73
2025-08-28 14:53:17,662 INFO o.a.j.t.JMeterThread: Thread started: 0. 베이스라인 성능 측정 1-74
2025-08-28 14:53:17,740 INFO o.a.j.t.JMeterThread: Thread is done: 0. 베이스라인 성능 측정 1-74
2025-08-28 14:53:17,740 INFO o.a.j.t.JMeterThread: Thread finished: 0. 베이스라인 성능 측정 1-74
2025-08-28 14:53:17,761 INFO o.a.j.t.JMeterThread: Thread started: 0. 베이스라인 성능 측정 1-75
2025-08-28 14:53:17,790 INFO o.a.j.t.JMeterThread: Thread is done: 0. 베이스라인 성능 측정 1-75
2025-08-28 14:53:17,790 INFO o.a.j.t.JMeterThread: Thread finished: 0. 베이스라인 성능 측정 1-75
2025-08-28 14:53:17,862 INFO o.a.j.t.JMeterThread: Thread started: 0. 베이스라인 성능 측정 1-76
2025-08-28 14:53:17,893 INFO o.a.j.t.JMeterThread: Thread is done: 0. 베이스라인 성능 측정 1-76
2025-08-28 14:53:17,894 INFO o.a.j.t.JMeterThread: Thread finished: 0. 베이스라인 성능 측정 1-76
2025-08-28 14:53:17,959 INFO o.a.j.t.JMeterThread: Thread started: 0. 베이스라인 성능 측정 1-77
2025-08-28 14:53:17,997 INFO o.a.j.t.JMeterThread: Thread is done: 0. 베이스라인 성능 측정 1-77
2025-08-28 14:53:17,997 INFO o.a.j.t.JMeterThread: Thread finished: 0. 베이스라인 성능 측정 1-77
2025-08-28 14:53:18,057 INFO o.a.j.t.JMeterThread: Thread started: 0. 베이스라인 성능 측정 1-78
2025-08-28 14:53:18,088 INFO o.a.j.t.JMeterThread: Thread is done: 0. 베이스라인 성능 측정 1-78
2025-08-28 14:53:18,088 INFO o.a.j.t.JMeterThread: Thread finished: 0. 베이스라인 성능 측정 1-78
2025-08-28 14:53:18,162 INFO o.a.j.t.JMeterThread: Thread started: 0. 베이스라인 성능 측정 1-79
2025-08-28 14:53:18,232 INFO o.a.j.t.JMeterThread: Thread is done: 0. 베이스라인 성능 측정 1-79
2025-08-28 14:53:18,232 INFO o.a.j.t.JMeterThread: Thread finished: 0. 베이스라인 성능 측정 1-79
2025-08-28 14:53:18,261 INFO o.a.j.t.JMeterThread: Thread started: 0. 베이스라인 성능 측정 1-80
2025-08-28 14:53:18,292 INFO o.a.j.t.JMeterThread: Thread is done: 0. 베이스라인 성능 측정 1-80
2025-08-28 14:53:18,292 INFO o.a.j.t.JMeterThread: Thread finished: 0. 베이스라인 성능 측정 1-80
2025-08-28 14:53:18,361 INFO o.a.j.t.JMeterThread: Thread started: 0. 베이스라인 성능 측정 1-81
2025-08-28 14:53:18,405 INFO o.a.j.t.JMeterThread: Thread is done: 0. 베이스라인 성능 측정 1-81
2025-08-28 14:53:18,405 INFO o.a.j.t.JMeterThread: Thread finished: 0. 베이스라인 성능 측정 1-81
2025-08-28 14:53:18,460 INFO o.a.j.t.JMeterThread: Thread started: 0. 베이스라인 성능 측정 1-82
2025-08-28 14:53:18,504 INFO o.a.j.t.JMeterThread: Thread is done: 0. 베이스라인 성능 측정 1-82
2025-08-28 14:53:18,504 INFO o.a.j.t.JMeterThread: Thread finished: 0. 베이스라인 성능 측정 1-82
2025-08-28 14:53:18,559 INFO o.a.j.t.JMeterThread: Thread started: 0. 베이스라인 성능 측정 1-83
2025-08-28 14:53:18,605 INFO o.a.j.t.JMeterThread: Thread is done: 0. 베이스라인 성능 측정 1-83
2025-08-28 14:53:18,605 INFO o.a.j.t.JMeterThread: Thread finished: 0. 베이스라인 성능 측정 1-83
2025-08-28 14:53:18,659 INFO o.a.j.t.JMeterThread: Thread started: 0. 베이스라인 성능 측정 1-84
2025-08-28 14:53:18,757 INFO o.a.j.t.JMeterThread: Thread started: 0. 베이스라인 성능 측정 1-85
2025-08-28 14:53:18,762 INFO o.a.j.t.JMeterThread: Thread is done: 0. 베이스라인 성능 측정 1-84
2025-08-28 14:53:18,762 INFO o.a.j.t.JMeterThread: Thread finished: 0. 베이스라인 성능 측정 1-84
2025-08-28 14:53:18,787 INFO o.a.j.t.JMeterThread: Thread is done: 0. 베이스라인 성능 측정 1-85
2025-08-28 14:53:18,787 INFO o.a.j.t.JMeterThread: Thread finished: 0. 베이스라인 성능 측정 1-85
2025-08-28 14:53:18,861 INFO o.a.j.t.JMeterThread: Thread started: 0. 베이스라인 성능 측정 1-86
2025-08-28 14:53:18,895 INFO o.a.j.t.JMeterThread: Thread is done: 0. 베이스라인 성능 측정 1-86
2025-08-28 14:53:18,895 INFO o.a.j.t.JMeterThread: Thread finished: 0. 베이스라인 성능 측정 1-86
2025-08-28 14:53:18,961 INFO o.a.j.t.JMeterThread: Thread started: 0. 베이스라인 성능 측정 1-87
2025-08-28 14:53:19,001 INFO o.a.j.t.JMeterThread: Thread is done: 0. 베이스라인 성능 측정 1-87
2025-08-28 14:53:19,001 INFO o.a.j.t.JMeterThread: Thread finished: 0. 베이스라인 성능 측정 1-87
2025-08-28 14:53:19,062 INFO o.a.j.t.JMeterThread: Thread started: 0. 베이스라인 성능 측정 1-88
2025-08-28 14:53:19,106 INFO o.a.j.t.JMeterThread: Thread is done: 0. 베이스라인 성능 측정 1-88
2025-08-28 14:53:19,106 INFO o.a.j.t.JMeterThread: Thread finished: 0. 베이스라인 성능 측정 1-88
2025-08-28 14:53:19,161 INFO o.a.j.t.JMeterThread: Thread started: 0. 베이스라인 성능 측정 1-89
2025-08-28 14:53:19,249 INFO o.a.j.t.JMeterThread: Thread is done: 0. 베이스라인 성능 측정 1-89
2025-08-28 14:53:19,249 INFO o.a.j.t.JMeterThread: Thread finished: 0. 베이스라인 성능 측정 1-89
2025-08-28 14:53:19,261 INFO o.a.j.t.JMeterThread: Thread started: 0. 베이스라인 성능 측정 1-90
2025-08-28 14:53:19,293 INFO o.a.j.t.JMeterThread: Thread is done: 0. 베이스라인 성능 측정 1-90
2025-08-28 14:53:19,293 INFO o.a.j.t.JMeterThread: Thread finished: 0. 베이스라인 성능 측정 1-90
2025-08-28 14:53:19,359 INFO o.a.j.t.JMeterThread: Thread started: 0. 베이스라인 성능 측정 1-91
2025-08-28 14:53:19,392 INFO o.a.j.t.JMeterThread: Thread is done: 0. 베이스라인 성능 측정 1-91
2025-08-28 14:53:19,392 INFO o.a.j.t.JMeterThread: Thread finished: 0. 베이스라인 성능 측정 1-91
2025-08-28 14:53:19,463 INFO o.a.j.t.JMeterThread: Thread started: 0. 베이스라인 성능 측정 1-92
2025-08-28 14:53:19,513 INFO o.a.j.t.JMeterThread: Thread is done: 0. 베이스라인 성능 측정 1-92
2025-08-28 14:53:19,513 INFO o.a.j.t.JMeterThread: Thread finished: 0. 베이스라인 성능 측정 1-92
2025-08-28 14:53:19,562 INFO o.a.j.t.JMeterThread: Thread started: 0. 베이스라인 성능 측정 1-93
2025-08-28 14:53:19,609 INFO o.a.j.t.JMeterThread: Thread is done: 0. 베이스라인 성능 측정 1-93
2025-08-28 14:53:19,609 INFO o.a.j.t.JMeterThread: Thread finished: 0. 베이스라인 성능 측정 1-93
2025-08-28 14:53:19,662 INFO o.a.j.t.JMeterThread: Thread started: 0. 베이스라인 성능 측정 1-94
2025-08-28 14:53:19,755 INFO o.a.j.t.JMeterThread: Thread is done: 0. 베이스라인 성능 측정 1-94
2025-08-28 14:53:19,755 INFO o.a.j.t.JMeterThread: Thread finished: 0. 베이스라인 성능 측정 1-94
2025-08-28 14:53:19,762 INFO o.a.j.t.JMeterThread: Thread started: 0. 베이스라인 성능 측정 1-95
2025-08-28 14:53:19,788 INFO o.a.j.t.JMeterThread: Thread is done: 0. 베이스라인 성능 측정 1-95
2025-08-28 14:53:19,788 INFO o.a.j.t.JMeterThread: Thread finished: 0. 베이스라인 성능 측정 1-95
2025-08-28 14:53:19,860 INFO o.a.j.t.JMeterThread: Thread started: 0. 베이스라인 성능 측정 1-96
2025-08-28 14:53:19,895 INFO o.a.j.t.JMeterThread: Thread is done: 0. 베이스라인 성능 측정 1-96
2025-08-28 14:53:19,895 INFO o.a.j.t.JMeterThread: Thread finished: 0. 베이스라인 성능 측정 1-96
2025-08-28 14:53:19,962 INFO o.a.j.t.JMeterThread: Thread started: 0. 베이스라인 성능 측정 1-97
2025-08-28 14:53:20,002 INFO o.a.j.t.JMeterThread: Thread is done: 0. 베이스라인 성능 측정 1-97
2025-08-28 14:53:20,002 INFO o.a.j.t.JMeterThread: Thread finished: 0. 베이스라인 성능 측정 1-97
2025-08-28 14:53:20,062 INFO o.a.j.t.JMeterThread: Thread started: 0. 베이스라인 성능 측정 1-98
2025-08-28 14:53:20,092 INFO o.a.j.t.JMeterThread: Thread is done: 0. 베이스라인 성능 측정 1-98
2025-08-28 14:53:20,092 INFO o.a.j.t.JMeterThread: Thread finished: 0. 베이스라인 성능 측정 1-98
2025-08-28 14:53:20,161 INFO o.a.j.t.JMeterThread: Thread started: 0. 베이스라인 성능 측정 1-99
2025-08-28 14:53:20,237 INFO o.a.j.t.JMeterThread: Thread is done: 0. 베이스라인 성능 측정 1-99
2025-08-28 14:53:20,237 INFO o.a.j.t.JMeterThread: Thread finished: 0. 베이스라인 성능 측정 1-99
2025-08-28 14:53:20,261 INFO o.a.j.t.JMeterThread: Thread started: 0. 베이스라인 성능 측정 1-100
2025-08-28 14:53:20,291 INFO o.a.j.t.JMeterThread: Thread is done: 0. 베이스라인 성능 측정 1-100
2025-08-28 14:53:20,291 INFO o.a.j.t.JMeterThread: Thread finished: 0. 베이스라인 성능 측정 1-100
2025-08-28 14:53:20,291 INFO o.a.j.e.StandardJMeterEngine: Notifying test listeners of end of test
2025-08-28 14:53:20,291 INFO o.a.j.g.u.JMeterMenuBar: setRunning(false, *local*)
2025-08-28 16:08:02,604 INFO o.a.j.e.StandardJMeterEngine: Running the test!
2025-08-28 16:08:02,609 INFO o.a.j.s.SampleEvent: List of sample_variables: []
2025-08-28 16:08:02,624 INFO o.a.j.g.u.JMeterMenuBar: setRunning(true, *local*)
2025-08-28 16:08:02,625 INFO o.a.j.e.StandardJMeterEngine: Starting setUp thread groups
2025-08-28 16:08:02,625 INFO o.a.j.e.StandardJMeterEngine: Starting setUp ThreadGroup: 1 : 1. 동시 사용자 트래픽 
2025-08-28 16:08:02,625 INFO o.a.j.e.StandardJMeterEngine: Starting 1 threads for group 1. 동시 사용자 트래픽.
2025-08-28 16:08:02,625 INFO o.a.j.e.StandardJMeterEngine: Thread will continue on error
2025-08-28 16:08:02,625 INFO o.a.j.t.ThreadGroup: Starting thread group... number=1 threads=1 ramp-up=1 delayedStart=false
2025-08-28 16:08:02,626 INFO o.a.j.t.ThreadGroup: Started thread group number 1
2025-08-28 16:08:02,626 INFO o.a.j.e.StandardJMeterEngine: Waiting for all setup thread groups to exit
2025-08-28 16:08:02,626 INFO o.a.j.t.JMeterThread: Thread started: 1. 동시 사용자 트래픽 1-1
2025-08-28 16:08:02,679 INFO o.a.j.t.JMeterThread: Thread is done: 1. 동시 사용자 트래픽 1-1
2025-08-28 16:08:02,679 INFO o.a.j.t.JMeterThread: Thread finished: 1. 동시 사용자 트래픽 1-1
2025-08-28 16:08:02,679 INFO o.a.j.e.StandardJMeterEngine: All Setup Threads have ended
2025-08-28 16:08:02,752 INFO o.a.j.e.StandardJMeterEngine: Starting ThreadGroup: 1 : 0. 베이스라인 성능 측정
2025-08-28 16:08:02,752 INFO o.a.j.e.StandardJMeterEngine: Starting 100 threads for group 0. 베이스라인 성능 측정.
2025-08-28 16:08:02,752 INFO o.a.j.e.StandardJMeterEngine: Thread will continue on error
2025-08-28 16:08:02,752 INFO o.a.j.t.ThreadGroup: Starting thread group... number=1 threads=100 ramp-up=10 delayedStart=false
2025-08-28 16:08:02,753 INFO o.a.j.t.JMeterThread: Thread started: 0. 베이스라인 성능 측정 1-1
2025-08-28 16:08:02,768 INFO o.a.j.t.ThreadGroup: Started thread group number 1
2025-08-28 16:08:02,768 INFO o.a.j.e.StandardJMeterEngine: All thread groups have been started
2025-08-28 16:08:02,790 INFO o.a.j.t.JMeterThread: Thread is done: 0. 베이스라인 성능 측정 1-1
2025-08-28 16:08:02,790 INFO o.a.j.t.JMeterThread: Thread finished: 0. 베이스라인 성능 측정 1-1
2025-08-28 16:08:02,857 INFO o.a.j.t.JMeterThread: Thread started: 0. 베이스라인 성능 측정 1-2
2025-08-28 16:08:02,895 INFO o.a.j.t.JMeterThread: Thread is done: 0. 베이스라인 성능 측정 1-2
2025-08-28 16:08:02,896 INFO o.a.j.t.JMeterThread: Thread finished: 0. 베이스라인 성능 측정 1-2
2025-08-28 16:08:02,957 INFO o.a.j.t.JMeterThread: Thread started: 0. 베이스라인 성능 측정 1-3
2025-08-28 16:08:03,007 INFO o.a.j.t.JMeterThread: Thread is done: 0. 베이스라인 성능 측정 1-3
2025-08-28 16:08:03,007 INFO o.a.j.t.JMeterThread: Thread finished: 0. 베이스라인 성능 측정 1-3
2025-08-28 16:08:03,055 INFO o.a.j.t.JMeterThread: Thread started: 0. 베이스라인 성능 측정 1-4
2025-08-28 16:08:03,131 INFO o.a.j.t.JMeterThread: Thread is done: 0. 베이스라인 성능 측정 1-4
2025-08-28 16:08:03,131 INFO o.a.j.t.JMeterThread: Thread finished: 0. 베이스라인 성능 측정 1-4
2025-08-28 16:08:03,153 INFO o.a.j.t.JMeterThread: Thread started: 0. 베이스라인 성능 측정 1-5
2025-08-28 16:08:03,190 INFO o.a.j.t.JMeterThread: Thread is done: 0. 베이스라인 성능 측정 1-5
2025-08-28 16:08:03,190 INFO o.a.j.t.JMeterThread: Thread finished: 0. 베이스라인 성능 측정 1-5
2025-08-28 16:08:03,256 INFO o.a.j.t.JMeterThread: Thread started: 0. 베이스라인 성능 측정 1-6
2025-08-28 16:08:03,292 INFO o.a.j.t.JMeterThread: Thread is done: 0. 베이스라인 성능 측정 1-6
2025-08-28 16:08:03,292 INFO o.a.j.t.JMeterThread: Thread finished: 0. 베이스라인 성능 측정 1-6
2025-08-28 16:08:03,358 INFO o.a.j.t.JMeterThread: Thread started: 0. 베이스라인 성능 측정 1-7
2025-08-28 16:08:03,392 INFO o.a.j.t.JMeterThread: Thread is done: 0. 베이스라인 성능 측정 1-7
2025-08-28 16:08:03,392 INFO o.a.j.t.JMeterThread: Thread finished: 0. 베이스라인 성능 측정 1-7
2025-08-28 16:08:03,458 INFO o.a.j.t.JMeterThread: Thread started: 0. 베이스라인 성능 측정 1-8
2025-08-28 16:08:03,497 INFO o.a.j.t.JMeterThread: Thread is done: 0. 베이스라인 성능 측정 1-8
2025-08-28 16:08:03,497 INFO o.a.j.t.JMeterThread: Thread finished: 0. 베이스라인 성능 측정 1-8
2025-08-28 16:08:03,557 INFO o.a.j.t.JMeterThread: Thread started: 0. 베이스라인 성능 측정 1-9
2025-08-28 16:08:03,636 INFO o.a.j.t.JMeterThread: Thread is done: 0. 베이스라인 성능 측정 1-9
2025-08-28 16:08:03,636 INFO o.a.j.t.JMeterThread: Thread finished: 0. 베이스라인 성능 측정 1-9
2025-08-28 16:08:03,657 INFO o.a.j.t.JMeterThread: Thread started: 0. 베이스라인 성능 측정 1-10
2025-08-28 16:08:03,688 INFO o.a.j.t.JMeterThread: Thread is done: 0. 베이스라인 성능 측정 1-10
2025-08-28 16:08:03,688 INFO o.a.j.t.JMeterThread: Thread finished: 0. 베이스라인 성능 측정 1-10
2025-08-28 16:08:03,756 INFO o.a.j.t.JMeterThread: Thread started: 0. 베이스라인 성능 측정 1-11
2025-08-28 16:08:03,791 INFO o.a.j.t.JMeterThread: Thread is done: 0. 베이스라인 성능 측정 1-11
2025-08-28 16:08:03,791 INFO o.a.j.t.JMeterThread: Thread finished: 0. 베이스라인 성능 측정 1-11
2025-08-28 16:08:03,857 INFO o.a.j.t.JMeterThread: Thread started: 0. 베이스라인 성능 측정 1-12
2025-08-28 16:08:03,889 INFO o.a.j.t.JMeterThread: Thread is done: 0. 베이스라인 성능 측정 1-12
2025-08-28 16:08:03,889 INFO o.a.j.t.JMeterThread: Thread finished: 0. 베이스라인 성능 측정 1-12
2025-08-28 16:08:03,954 INFO o.a.j.t.JMeterThread: Thread started: 0. 베이스라인 성능 측정 1-13
2025-08-28 16:08:03,990 INFO o.a.j.t.JMeterThread: Thread is done: 0. 베이스라인 성능 측정 1-13
2025-08-28 16:08:03,991 INFO o.a.j.t.JMeterThread: Thread finished: 0. 베이스라인 성능 측정 1-13
2025-08-28 16:08:04,057 INFO o.a.j.t.JMeterThread: Thread started: 0. 베이스라인 성능 측정 1-14
2025-08-28 16:08:04,149 INFO o.a.j.t.JMeterThread: Thread is done: 0. 베이스라인 성능 측정 1-14
2025-08-28 16:08:04,149 INFO o.a.j.t.JMeterThread: Thread finished: 0. 베이스라인 성능 측정 1-14
2025-08-28 16:08:04,154 INFO o.a.j.t.JMeterThread: Thread started: 0. 베이스라인 성능 측정 1-15
2025-08-28 16:08:04,202 INFO o.a.j.t.JMeterThread: Thread is done: 0. 베이스라인 성능 측정 1-15
2025-08-28 16:08:04,202 INFO o.a.j.t.JMeterThread: Thread finished: 0. 베이스라인 성능 측정 1-15
2025-08-28 16:08:04,257 INFO o.a.j.t.JMeterThread: Thread started: 0. 베이스라인 성능 측정 1-16
2025-08-28 16:08:04,288 INFO o.a.j.t.JMeterThread: Thread is done: 0. 베이스라인 성능 측정 1-16
2025-08-28 16:08:04,288 INFO o.a.j.t.JMeterThread: Thread finished: 0. 베이스라인 성능 측정 1-16
2025-08-28 16:08:04,357 INFO o.a.j.t.JMeterThread: Thread started: 0. 베이스라인 성능 측정 1-17
2025-08-28 16:08:04,387 INFO o.a.j.t.JMeterThread: Thread is done: 0. 베이스라인 성능 측정 1-17
2025-08-28 16:08:04,388 INFO o.a.j.t.JMeterThread: Thread finished: 0. 베이스라인 성능 측정 1-17
2025-08-28 16:08:04,457 INFO o.a.j.t.JMeterThread: Thread started: 0. 베이스라인 성능 측정 1-18
2025-08-28 16:08:04,492 INFO o.a.j.t.JMeterThread: Thread is done: 0. 베이스라인 성능 측정 1-18
2025-08-28 16:08:04,492 INFO o.a.j.t.JMeterThread: Thread finished: 0. 베이스라인 성능 측정 1-18
2025-08-28 16:08:04,553 INFO o.a.j.t.JMeterThread: Thread started: 0. 베이스라인 성능 측정 1-19
2025-08-28 16:08:04,641 INFO o.a.j.t.JMeterThread: Thread is done: 0. 베이스라인 성능 측정 1-19
2025-08-28 16:08:04,641 INFO o.a.j.t.JMeterThread: Thread finished: 0. 베이스라인 성능 측정 1-19
2025-08-28 16:08:04,657 INFO o.a.j.t.JMeterThread: Thread started: 0. 베이스라인 성능 측정 1-20
2025-08-28 16:08:04,688 INFO o.a.j.t.JMeterThread: Thread is done: 0. 베이스라인 성능 측정 1-20
2025-08-28 16:08:04,688 INFO o.a.j.t.JMeterThread: Thread finished: 0. 베이스라인 성능 측정 1-20
2025-08-28 16:08:04,760 INFO o.a.j.t.JMeterThread: Thread started: 0. 베이스라인 성능 측정 1-21
2025-08-28 16:08:04,793 INFO o.a.j.t.JMeterThread: Thread is done: 0. 베이스라인 성능 측정 1-21
2025-08-28 16:08:04,793 INFO o.a.j.t.JMeterThread: Thread finished: 0. 베이스라인 성능 측정 1-21
2025-08-28 16:08:04,857 INFO o.a.j.t.JMeterThread: Thread started: 0. 베이스라인 성능 측정 1-22
2025-08-28 16:08:04,892 INFO o.a.j.t.JMeterThread: Thread is done: 0. 베이스라인 성능 측정 1-22
2025-08-28 16:08:04,892 INFO o.a.j.t.JMeterThread: Thread finished: 0. 베이스라인 성능 측정 1-22
2025-08-28 16:08:04,953 INFO o.a.j.t.JMeterThread: Thread started: 0. 베이스라인 성능 측정 1-23
2025-08-28 16:08:04,994 INFO o.a.j.t.JMeterThread: Thread is done: 0. 베이스라인 성능 측정 1-23
2025-08-28 16:08:04,994 INFO o.a.j.t.JMeterThread: Thread finished: 0. 베이스라인 성능 측정 1-23
2025-08-28 16:08:05,053 INFO o.a.j.t.JMeterThread: Thread started: 0. 베이스라인 성능 측정 1-24
2025-08-28 16:08:05,149 INFO o.a.j.t.JMeterThread: Thread is done: 0. 베이스라인 성능 측정 1-24
2025-08-28 16:08:05,149 INFO o.a.j.t.JMeterThread: Thread finished: 0. 베이스라인 성능 측정 1-24
2025-08-28 16:08:05,157 INFO o.a.j.t.JMeterThread: Thread started: 0. 베이스라인 성능 측정 1-25
2025-08-28 16:08:05,187 INFO o.a.j.t.JMeterThread: Thread is done: 0. 베이스라인 성능 측정 1-25
2025-08-28 16:08:05,187 INFO o.a.j.t.JMeterThread: Thread finished: 0. 베이스라인 성능 측정 1-25
2025-08-28 16:08:05,257 INFO o.a.j.t.JMeterThread: Thread started: 0. 베이스라인 성능 측정 1-26
2025-08-28 16:08:05,294 INFO o.a.j.t.JMeterThread: Thread is done: 0. 베이스라인 성능 측정 1-26
2025-08-28 16:08:05,294 INFO o.a.j.t.JMeterThread: Thread finished: 0. 베이스라인 성능 측정 1-26
2025-08-28 16:08:05,358 INFO o.a.j.t.JMeterThread: Thread started: 0. 베이스라인 성능 측정 1-27
2025-08-28 16:08:05,390 INFO o.a.j.t.JMeterThread: Thread is done: 0. 베이스라인 성능 측정 1-27
2025-08-28 16:08:05,390 INFO o.a.j.t.JMeterThread: Thread finished: 0. 베이스라인 성능 측정 1-27
2025-08-28 16:08:05,453 INFO o.a.j.t.JMeterThread: Thread started: 0. 베이스라인 성능 측정 1-28
2025-08-28 16:08:05,487 INFO o.a.j.t.JMeterThread: Thread is done: 0. 베이스라인 성능 측정 1-28
2025-08-28 16:08:05,487 INFO o.a.j.t.JMeterThread: Thread finished: 0. 베이스라인 성능 측정 1-28
2025-08-28 16:08:05,554 INFO o.a.j.t.JMeterThread: Thread started: 0. 베이스라인 성능 측정 1-29
2025-08-28 16:08:05,643 INFO o.a.j.t.JMeterThread: Thread is done: 0. 베이스라인 성능 측정 1-29
2025-08-28 16:08:05,643 INFO o.a.j.t.JMeterThread: Thread finished: 0. 베이스라인 성능 측정 1-29
2025-08-28 16:08:05,657 INFO o.a.j.t.JMeterThread: Thread started: 0. 베이스라인 성능 측정 1-30
2025-08-28 16:08:05,690 INFO o.a.j.t.JMeterThread: Thread is done: 0. 베이스라인 성능 측정 1-30
2025-08-28 16:08:05,690 INFO o.a.j.t.JMeterThread: Thread finished: 0. 베이스라인 성능 측정 1-30
2025-08-28 16:08:05,754 INFO o.a.j.t.JMeterThread: Thread started: 0. 베이스라인 성능 측정 1-31
2025-08-28 16:08:05,789 INFO o.a.j.t.JMeterThread: Thread is done: 0. 베이스라인 성능 측정 1-31
2025-08-28 16:08:05,789 INFO o.a.j.t.JMeterThread: Thread finished: 0. 베이스라인 성능 측정 1-31
2025-08-28 16:08:05,857 INFO o.a.j.t.JMeterThread: Thread started: 0. 베이스라인 성능 측정 1-32
2025-08-28 16:08:05,897 INFO o.a.j.t.JMeterThread: Thread is done: 0. 베이스라인 성능 측정 1-32
2025-08-28 16:08:05,897 INFO o.a.j.t.JMeterThread: Thread finished: 0. 베이스라인 성능 측정 1-32
2025-08-28 16:08:05,954 INFO o.a.j.t.JMeterThread: Thread started: 0. 베이스라인 성능 측정 1-33
2025-08-28 16:08:05,994 INFO o.a.j.t.JMeterThread: Thread is done: 0. 베이스라인 성능 측정 1-33
2025-08-28 16:08:05,994 INFO o.a.j.t.JMeterThread: Thread finished: 0. 베이스라인 성능 측정 1-33
2025-08-28 16:08:06,056 INFO o.a.j.t.JMeterThread: Thread started: 0. 베이스라인 성능 측정 1-34
2025-08-28 16:08:06,149 INFO o.a.j.t.JMeterThread: Thread is done: 0. 베이스라인 성능 측정 1-34
2025-08-28 16:08:06,149 INFO o.a.j.t.JMeterThread: Thread finished: 0. 베이스라인 성능 측정 1-34
2025-08-28 16:08:06,154 INFO o.a.j.t.JMeterThread: Thread started: 0. 베이스라인 성능 측정 1-35
2025-08-28 16:08:06,185 INFO o.a.j.t.JMeterThread: Thread is done: 0. 베이스라인 성능 측정 1-35
2025-08-28 16:08:06,185 INFO o.a.j.t.JMeterThread: Thread finished: 0. 베이스라인 성능 측정 1-35
2025-08-28 16:08:06,253 INFO o.a.j.t.JMeterThread: Thread started: 0. 베이스라인 성능 측정 1-36
2025-08-28 16:08:06,282 INFO o.a.j.t.JMeterThread: Thread is done: 0. 베이스라인 성능 측정 1-36
2025-08-28 16:08:06,282 INFO o.a.j.t.JMeterThread: Thread finished: 0. 베이스라인 성능 측정 1-36
2025-08-28 16:08:06,356 INFO o.a.j.t.JMeterThread: Thread started: 0. 베이스라인 성능 측정 1-37
2025-08-28 16:08:06,388 INFO o.a.j.t.JMeterThread: Thread is done: 0. 베이스라인 성능 측정 1-37
2025-08-28 16:08:06,388 INFO o.a.j.t.JMeterThread: Thread finished: 0. 베이스라인 성능 측정 1-37
2025-08-28 16:08:06,456 INFO o.a.j.t.JMeterThread: Thread started: 0. 베이스라인 성능 측정 1-38
2025-08-28 16:08:06,498 INFO o.a.j.t.JMeterThread: Thread is done: 0. 베이스라인 성능 측정 1-38
2025-08-28 16:08:06,498 INFO o.a.j.t.JMeterThread: Thread finished: 0. 베이스라인 성능 측정 1-38
2025-08-28 16:08:06,555 INFO o.a.j.t.JMeterThread: Thread started: 0. 베이스라인 성능 측정 1-39
2025-08-28 16:08:06,582 INFO o.a.j.t.JMeterThread: Thread is done: 0. 베이스라인 성능 측정 1-39
2025-08-28 16:08:06,582 INFO o.a.j.t.JMeterThread: Thread finished: 0. 베이스라인 성능 측정 1-39
2025-08-28 16:08:06,654 INFO o.a.j.t.JMeterThread: Thread started: 0. 베이스라인 성능 측정 1-40
2025-08-28 16:08:06,683 INFO o.a.j.t.JMeterThread: Thread is done: 0. 베이스라인 성능 측정 1-40
2025-08-28 16:08:06,683 INFO o.a.j.t.JMeterThread: Thread finished: 0. 베이스라인 성능 측정 1-40
2025-08-28 16:08:06,753 INFO o.a.j.t.JMeterThread: Thread started: 0. 베이스라인 성능 측정 1-41
2025-08-28 16:08:06,784 INFO o.a.j.t.JMeterThread: Thread is done: 0. 베이스라인 성능 측정 1-41
2025-08-28 16:08:06,784 INFO o.a.j.t.JMeterThread: Thread finished: 0. 베이스라인 성능 측정 1-41
2025-08-28 16:08:06,857 INFO o.a.j.t.JMeterThread: Thread started: 0. 베이스라인 성능 측정 1-42
2025-08-28 16:08:06,890 INFO o.a.j.t.JMeterThread: Thread is done: 0. 베이스라인 성능 측정 1-42
2025-08-28 16:08:06,890 INFO o.a.j.t.JMeterThread: Thread finished: 0. 베이스라인 성능 측정 1-42
2025-08-28 16:08:06,957 INFO o.a.j.t.JMeterThread: Thread started: 0. 베이스라인 성능 측정 1-43
2025-08-28 16:08:06,993 INFO o.a.j.t.JMeterThread: Thread is done: 0. 베이스라인 성능 측정 1-43
2025-08-28 16:08:06,993 INFO o.a.j.t.JMeterThread: Thread finished: 0. 베이스라인 성능 측정 1-43
2025-08-28 16:08:07,058 INFO o.a.j.t.JMeterThread: Thread started: 0. 베이스라인 성능 측정 1-44
2025-08-28 16:08:07,148 INFO o.a.j.t.JMeterThread: Thread is done: 0. 베이스라인 성능 측정 1-44
2025-08-28 16:08:07,148 INFO o.a.j.t.JMeterThread: Thread finished: 0. 베이스라인 성능 측정 1-44
2025-08-28 16:08:07,153 INFO o.a.j.t.JMeterThread: Thread started: 0. 베이스라인 성능 측정 1-45
2025-08-28 16:08:07,188 INFO o.a.j.t.JMeterThread: Thread is done: 0. 베이스라인 성능 측정 1-45
2025-08-28 16:08:07,188 INFO o.a.j.t.JMeterThread: Thread finished: 0. 베이스라인 성능 측정 1-45
2025-08-28 16:08:07,258 INFO o.a.j.t.JMeterThread: Thread started: 0. 베이스라인 성능 측정 1-46
2025-08-28 16:08:07,294 INFO o.a.j.t.JMeterThread: Thread is done: 0. 베이스라인 성능 측정 1-46
2025-08-28 16:08:07,294 INFO o.a.j.t.JMeterThread: Thread finished: 0. 베이스라인 성능 측정 1-46
2025-08-28 16:08:07,354 INFO o.a.j.t.JMeterThread: Thread started: 0. 베이스라인 성능 측정 1-47
2025-08-28 16:08:07,387 INFO o.a.j.t.JMeterThread: Thread is done: 0. 베이스라인 성능 측정 1-47
2025-08-28 16:08:07,387 INFO o.a.j.t.JMeterThread: Thread finished: 0. 베이스라인 성능 측정 1-47
2025-08-28 16:08:07,457 INFO o.a.j.t.JMeterThread: Thread started: 0. 베이스라인 성능 측정 1-48
2025-08-28 16:08:07,494 INFO o.a.j.t.JMeterThread: Thread is done: 0. 베이스라인 성능 측정 1-48
2025-08-28 16:08:07,494 INFO o.a.j.t.JMeterThread: Thread finished: 0. 베이스라인 성능 측정 1-48
2025-08-28 16:08:07,557 INFO o.a.j.t.JMeterThread: Thread started: 0. 베이스라인 성능 측정 1-49
2025-08-28 16:08:07,596 INFO o.a.j.t.JMeterThread: Thread is done: 0. 베이스라인 성능 측정 1-49
2025-08-28 16:08:07,596 INFO o.a.j.t.JMeterThread: Thread finished: 0. 베이스라인 성능 측정 1-49
2025-08-28 16:08:07,656 INFO o.a.j.t.JMeterThread: Thread started: 0. 베이스라인 성능 측정 1-50
2025-08-28 16:08:07,688 INFO o.a.j.t.JMeterThread: Thread is done: 0. 베이스라인 성능 측정 1-50
2025-08-28 16:08:07,688 INFO o.a.j.t.JMeterThread: Thread finished: 0. 베이스라인 성능 측정 1-50
2025-08-28 16:08:07,758 INFO o.a.j.t.JMeterThread: Thread started: 0. 베이스라인 성능 측정 1-51
2025-08-28 16:08:07,793 INFO o.a.j.t.JMeterThread: Thread is done: 0. 베이스라인 성능 측정 1-51
2025-08-28 16:08:07,793 INFO o.a.j.t.JMeterThread: Thread finished: 0. 베이스라인 성능 측정 1-51
2025-08-28 16:08:07,853 INFO o.a.j.t.JMeterThread: Thread started: 0. 베이스라인 성능 측정 1-52
2025-08-28 16:08:07,892 INFO o.a.j.t.JMeterThread: Thread is done: 0. 베이스라인 성능 측정 1-52
2025-08-28 16:08:07,892 INFO o.a.j.t.JMeterThread: Thread finished: 0. 베이스라인 성능 측정 1-52
2025-08-28 16:08:07,957 INFO o.a.j.t.JMeterThread: Thread started: 0. 베이스라인 성능 측정 1-53
2025-08-28 16:08:07,995 INFO o.a.j.t.JMeterThread: Thread is done: 0. 베이스라인 성능 측정 1-53
2025-08-28 16:08:07,995 INFO o.a.j.t.JMeterThread: Thread finished: 0. 베이스라인 성능 측정 1-53
2025-08-28 16:08:08,057 INFO o.a.j.t.JMeterThread: Thread started: 0. 베이스라인 성능 측정 1-54
2025-08-28 16:08:08,094 INFO o.a.j.t.JMeterThread: Thread is done: 0. 베이스라인 성능 측정 1-54
2025-08-28 16:08:08,094 INFO o.a.j.t.JMeterThread: Thread finished: 0. 베이스라인 성능 측정 1-54
2025-08-28 16:08:08,157 INFO o.a.j.t.JMeterThread: Thread started: 0. 베이스라인 성능 측정 1-55
2025-08-28 16:08:08,188 INFO o.a.j.t.JMeterThread: Thread is done: 0. 베이스라인 성능 측정 1-55
2025-08-28 16:08:08,188 INFO o.a.j.t.JMeterThread: Thread finished: 0. 베이스라인 성능 측정 1-55
2025-08-28 16:08:08,252 INFO o.a.j.t.JMeterThread: Thread started: 0. 베이스라인 성능 측정 1-56
2025-08-28 16:08:08,288 INFO o.a.j.t.JMeterThread: Thread is done: 0. 베이스라인 성능 측정 1-56
2025-08-28 16:08:08,288 INFO o.a.j.t.JMeterThread: Thread finished: 0. 베이스라인 성능 측정 1-56
2025-08-28 16:08:08,355 INFO o.a.j.t.JMeterThread: Thread started: 0. 베이스라인 성능 측정 1-57
2025-08-28 16:08:08,392 INFO o.a.j.t.JMeterThread: Thread is done: 0. 베이스라인 성능 측정 1-57
2025-08-28 16:08:08,393 INFO o.a.j.t.JMeterThread: Thread finished: 0. 베이스라인 성능 측정 1-57
2025-08-28 16:08:08,465 INFO o.a.j.t.JMeterThread: Thread started: 0. 베이스라인 성능 측정 1-58
2025-08-28 16:08:08,495 INFO o.a.j.t.JMeterThread: Thread is done: 0. 베이스라인 성능 측정 1-58
2025-08-28 16:08:08,495 INFO o.a.j.t.JMeterThread: Thread finished: 0. 베이스라인 성능 측정 1-58
2025-08-28 16:08:08,556 INFO o.a.j.t.JMeterThread: Thread started: 0. 베이스라인 성능 측정 1-59
2025-08-28 16:08:08,595 INFO o.a.j.t.JMeterThread: Thread is done: 0. 베이스라인 성능 측정 1-59
2025-08-28 16:08:08,595 INFO o.a.j.t.JMeterThread: Thread finished: 0. 베이스라인 성능 측정 1-59
2025-08-28 16:08:08,653 INFO o.a.j.t.JMeterThread: Thread started: 0. 베이스라인 성능 측정 1-60
2025-08-28 16:08:08,688 INFO o.a.j.t.JMeterThread: Thread is done: 0. 베이스라인 성능 측정 1-60
2025-08-28 16:08:08,688 INFO o.a.j.t.JMeterThread: Thread finished: 0. 베이스라인 성능 측정 1-60
2025-08-28 16:08:08,757 INFO o.a.j.t.JMeterThread: Thread started: 0. 베이스라인 성능 측정 1-61
2025-08-28 16:08:08,791 INFO o.a.j.t.JMeterThread: Thread is done: 0. 베이스라인 성능 측정 1-61
2025-08-28 16:08:08,791 INFO o.a.j.t.JMeterThread: Thread finished: 0. 베이스라인 성능 측정 1-61
2025-08-28 16:08:08,856 INFO o.a.j.t.JMeterThread: Thread started: 0. 베이스라인 성능 측정 1-62
2025-08-28 16:08:08,893 INFO o.a.j.t.JMeterThread: Thread is done: 0. 베이스라인 성능 측정 1-62
2025-08-28 16:08:08,893 INFO o.a.j.t.JMeterThread: Thread finished: 0. 베이스라인 성능 측정 1-62
2025-08-28 16:08:08,953 INFO o.a.j.t.JMeterThread: Thread started: 0. 베이스라인 성능 측정 1-63
2025-08-28 16:08:08,988 INFO o.a.j.t.JMeterThread: Thread is done: 0. 베이스라인 성능 측정 1-63
2025-08-28 16:08:08,988 INFO o.a.j.t.JMeterThread: Thread finished: 0. 베이스라인 성능 측정 1-63
2025-08-28 16:08:09,057 INFO o.a.j.t.JMeterThread: Thread started: 0. 베이스라인 성능 측정 1-64
2025-08-28 16:08:09,101 INFO o.a.j.t.JMeterThread: Thread is done: 0. 베이스라인 성능 측정 1-64
2025-08-28 16:08:09,101 INFO o.a.j.t.JMeterThread: Thread finished: 0. 베이스라인 성능 측정 1-64
2025-08-28 16:08:09,154 INFO o.a.j.t.JMeterThread: Thread started: 0. 베이스라인 성능 측정 1-65
2025-08-28 16:08:09,179 INFO o.a.j.t.JMeterThread: Thread is done: 0. 베이스라인 성능 측정 1-65
2025-08-28 16:08:09,179 INFO o.a.j.t.JMeterThread: Thread finished: 0. 베이스라인 성능 측정 1-65
2025-08-28 16:08:09,258 INFO o.a.j.t.JMeterThread: Thread started: 0. 베이스라인 성능 측정 1-66
2025-08-28 16:08:09,291 INFO o.a.j.t.JMeterThread: Thread is done: 0. 베이스라인 성능 측정 1-66
2025-08-28 16:08:09,291 INFO o.a.j.t.JMeterThread: Thread finished: 0. 베이스라인 성능 측정 1-66
2025-08-28 16:08:09,354 INFO o.a.j.t.JMeterThread: Thread started: 0. 베이스라인 성능 측정 1-67
2025-08-28 16:08:09,392 INFO o.a.j.t.JMeterThread: Thread is done: 0. 베이스라인 성능 측정 1-67
2025-08-28 16:08:09,392 INFO o.a.j.t.JMeterThread: Thread finished: 0. 베이스라인 성능 측정 1-67
2025-08-28 16:08:09,457 INFO o.a.j.t.JMeterThread: Thread started: 0. 베이스라인 성능 측정 1-68
2025-08-28 16:08:09,494 INFO o.a.j.t.JMeterThread: Thread is done: 0. 베이스라인 성능 측정 1-68
2025-08-28 16:08:09,494 INFO o.a.j.t.JMeterThread: Thread finished: 0. 베이스라인 성능 측정 1-68
2025-08-28 16:08:09,556 INFO o.a.j.t.JMeterThread: Thread started: 0. 베이스라인 성능 측정 1-69
2025-08-28 16:08:09,588 INFO o.a.j.t.JMeterThread: Thread is done: 0. 베이스라인 성능 측정 1-69
2025-08-28 16:08:09,588 INFO o.a.j.t.JMeterThread: Thread finished: 0. 베이스라인 성능 측정 1-69
2025-08-28 16:08:09,657 INFO o.a.j.t.JMeterThread: Thread started: 0. 베이스라인 성능 측정 1-70
2025-08-28 16:08:09,687 INFO o.a.j.t.JMeterThread: Thread is done: 0. 베이스라인 성능 측정 1-70
2025-08-28 16:08:09,687 INFO o.a.j.t.JMeterThread: Thread finished: 0. 베이스라인 성능 측정 1-70
2025-08-28 16:08:09,753 INFO o.a.j.t.JMeterThread: Thread started: 0. 베이스라인 성능 측정 1-71
2025-08-28 16:08:09,788 INFO o.a.j.t.JMeterThread: Thread is done: 0. 베이스라인 성능 측정 1-71
2025-08-28 16:08:09,788 INFO o.a.j.t.JMeterThread: Thread finished: 0. 베이스라인 성능 측정 1-71
2025-08-28 16:08:09,855 INFO o.a.j.t.JMeterThread: Thread started: 0. 베이스라인 성능 측정 1-72
2025-08-28 16:08:09,885 INFO o.a.j.t.JMeterThread: Thread is done: 0. 베이스라인 성능 측정 1-72
2025-08-28 16:08:09,885 INFO o.a.j.t.JMeterThread: Thread finished: 0. 베이스라인 성능 측정 1-72
2025-08-28 16:08:09,957 INFO o.a.j.t.JMeterThread: Thread started: 0. 베이스라인 성능 측정 1-73
2025-08-28 16:08:09,998 INFO o.a.j.t.JMeterThread: Thread is done: 0. 베이스라인 성능 측정 1-73
2025-08-28 16:08:09,998 INFO o.a.j.t.JMeterThread: Thread finished: 0. 베이스라인 성능 측정 1-73
2025-08-28 16:08:10,053 INFO o.a.j.t.JMeterThread: Thread started: 0. 베이스라인 성능 측정 1-74
2025-08-28 16:08:10,097 INFO o.a.j.t.JMeterThread: Thread is done: 0. 베이스라인 성능 측정 1-74
2025-08-28 16:08:10,097 INFO o.a.j.t.JMeterThread: Thread finished: 0. 베이스라인 성능 측정 1-74
2025-08-28 16:08:10,156 INFO o.a.j.t.JMeterThread: Thread started: 0. 베이스라인 성능 측정 1-75
2025-08-28 16:08:10,188 INFO o.a.j.t.JMeterThread: Thread is done: 0. 베이스라인 성능 측정 1-75
2025-08-28 16:08:10,188 INFO o.a.j.t.JMeterThread: Thread finished: 0. 베이스라인 성능 측정 1-75
2025-08-28 16:08:10,254 INFO o.a.j.t.JMeterThread: Thread started: 0. 베이스라인 성능 측정 1-76
2025-08-28 16:08:10,294 INFO o.a.j.t.JMeterThread: Thread is done: 0. 베이스라인 성능 측정 1-76
2025-08-28 16:08:10,294 INFO o.a.j.t.JMeterThread: Thread finished: 0. 베이스라인 성능 측정 1-76
2025-08-28 16:08:10,357 INFO o.a.j.t.JMeterThread: Thread started: 0. 베이스라인 성능 측정 1-77
2025-08-28 16:08:10,394 INFO o.a.j.t.JMeterThread: Thread is done: 0. 베이스라인 성능 측정 1-77
2025-08-28 16:08:10,394 INFO o.a.j.t.JMeterThread: Thread finished: 0. 베이스라인 성능 측정 1-77
2025-08-28 16:08:10,456 INFO o.a.j.t.JMeterThread: Thread started: 0. 베이스라인 성능 측정 1-78
2025-08-28 16:08:10,489 INFO o.a.j.t.JMeterThread: Thread is done: 0. 베이스라인 성능 측정 1-78
2025-08-28 16:08:10,489 INFO o.a.j.t.JMeterThread: Thread finished: 0. 베이스라인 성능 측정 1-78
2025-08-28 16:08:10,557 INFO o.a.j.t.JMeterThread: Thread started: 0. 베이스라인 성능 측정 1-79
2025-08-28 16:08:10,594 INFO o.a.j.t.JMeterThread: Thread is done: 0. 베이스라인 성능 측정 1-79
2025-08-28 16:08:10,595 INFO o.a.j.t.JMeterThread: Thread finished: 0. 베이스라인 성능 측정 1-79
2025-08-28 16:08:10,654 INFO o.a.j.t.JMeterThread: Thread started: 0. 베이스라인 성능 측정 1-80
2025-08-28 16:08:10,690 INFO o.a.j.t.JMeterThread: Thread is done: 0. 베이스라인 성능 측정 1-80
2025-08-28 16:08:10,690 INFO o.a.j.t.JMeterThread: Thread finished: 0. 베이스라인 성능 측정 1-80
2025-08-28 16:08:10,757 INFO o.a.j.t.JMeterThread: Thread started: 0. 베이스라인 성능 측정 1-81
2025-08-28 16:08:10,790 INFO o.a.j.t.JMeterThread: Thread is done: 0. 베이스라인 성능 측정 1-81
2025-08-28 16:08:10,790 INFO o.a.j.t.JMeterThread: Thread finished: 0. 베이스라인 성능 측정 1-81
2025-08-28 16:08:10,854 INFO o.a.j.t.JMeterThread: Thread started: 0. 베이스라인 성능 측정 1-82
2025-08-28 16:08:10,886 INFO o.a.j.t.JMeterThread: Thread is done: 0. 베이스라인 성능 측정 1-82
2025-08-28 16:08:10,886 INFO o.a.j.t.JMeterThread: Thread finished: 0. 베이스라인 성능 측정 1-82
2025-08-28 16:08:10,954 INFO o.a.j.t.JMeterThread: Thread started: 0. 베이스라인 성능 측정 1-83
2025-08-28 16:08:10,989 INFO o.a.j.t.JMeterThread: Thread is done: 0. 베이스라인 성능 측정 1-83
2025-08-28 16:08:10,989 INFO o.a.j.t.JMeterThread: Thread finished: 0. 베이스라인 성능 측정 1-83
2025-08-28 16:08:11,056 INFO o.a.j.t.JMeterThread: Thread started: 0. 베이스라인 성능 측정 1-84
2025-08-28 16:08:11,094 INFO o.a.j.t.JMeterThread: Thread is done: 0. 베이스라인 성능 측정 1-84
2025-08-28 16:08:11,094 INFO o.a.j.t.JMeterThread: Thread finished: 0. 베이스라인 성능 측정 1-84
2025-08-28 16:08:11,157 INFO o.a.j.t.JMeterThread: Thread started: 0. 베이스라인 성능 측정 1-85
2025-08-28 16:08:11,190 INFO o.a.j.t.JMeterThread: Thread is done: 0. 베이스라인 성능 측정 1-85
2025-08-28 16:08:11,190 INFO o.a.j.t.JMeterThread: Thread finished: 0. 베이스라인 성능 측정 1-85
2025-08-28 16:08:11,253 INFO o.a.j.t.JMeterThread: Thread started: 0. 베이스라인 성능 측정 1-86
2025-08-28 16:08:11,281 INFO o.a.j.t.JMeterThread: Thread is done: 0. 베이스라인 성능 측정 1-86
2025-08-28 16:08:11,281 INFO o.a.j.t.JMeterThread: Thread finished: 0. 베이스라인 성능 측정 1-86
2025-08-28 16:08:11,357 INFO o.a.j.t.JMeterThread: Thread started: 0. 베이스라인 성능 측정 1-87
2025-08-28 16:08:11,388 INFO o.a.j.t.JMeterThread: Thread is done: 0. 베이스라인 성능 측정 1-87
2025-08-28 16:08:11,388 INFO o.a.j.t.JMeterThread: Thread finished: 0. 베이스라인 성능 측정 1-87
2025-08-28 16:08:11,454 INFO o.a.j.t.JMeterThread: Thread started: 0. 베이스라인 성능 측정 1-88
2025-08-28 16:08:11,488 INFO o.a.j.t.JMeterThread: Thread is done: 0. 베이스라인 성능 측정 1-88
2025-08-28 16:08:11,488 INFO o.a.j.t.JMeterThread: Thread finished: 0. 베이스라인 성능 측정 1-88
2025-08-28 16:08:11,553 INFO o.a.j.t.JMeterThread: Thread started: 0. 베이스라인 성능 측정 1-89
2025-08-28 16:08:11,581 INFO o.a.j.t.JMeterThread: Thread is done: 0. 베이스라인 성능 측정 1-89
2025-08-28 16:08:11,582 INFO o.a.j.t.JMeterThread: Thread finished: 0. 베이스라인 성능 측정 1-89
2025-08-28 16:08:11,657 INFO o.a.j.t.JMeterThread: Thread started: 0. 베이스라인 성능 측정 1-90
2025-08-28 16:08:11,704 INFO o.a.j.t.JMeterThread: Thread is done: 0. 베이스라인 성능 측정 1-90
2025-08-28 16:08:11,704 INFO o.a.j.t.JMeterThread: Thread finished: 0. 베이스라인 성능 측정 1-90
2025-08-28 16:08:11,757 INFO o.a.j.t.JMeterThread: Thread started: 0. 베이스라인 성능 측정 1-91
2025-08-28 16:08:11,787 INFO o.a.j.t.JMeterThread: Thread is done: 0. 베이스라인 성능 측정 1-91
2025-08-28 16:08:11,787 INFO o.a.j.t.JMeterThread: Thread finished: 0. 베이스라인 성능 측정 1-91
2025-08-28 16:08:11,855 INFO o.a.j.t.JMeterThread: Thread started: 0. 베이스라인 성능 측정 1-92
2025-08-28 16:08:11,886 INFO o.a.j.t.JMeterThread: Thread is done: 0. 베이스라인 성능 측정 1-92
2025-08-28 16:08:11,886 INFO o.a.j.t.JMeterThread: Thread finished: 0. 베이스라인 성능 측정 1-92
2025-08-28 16:08:11,957 INFO o.a.j.t.JMeterThread: Thread started: 0. 베이스라인 성능 측정 1-93
2025-08-28 16:08:11,991 INFO o.a.j.t.JMeterThread: Thread is done: 0. 베이스라인 성능 측정 1-93
2025-08-28 16:08:11,991 INFO o.a.j.t.JMeterThread: Thread finished: 0. 베이스라인 성능 측정 1-93
2025-08-28 16:08:12,054 INFO o.a.j.t.JMeterThread: Thread started: 0. 베이스라인 성능 측정 1-94
2025-08-28 16:08:12,095 INFO o.a.j.t.JMeterThread: Thread is done: 0. 베이스라인 성능 측정 1-94
2025-08-28 16:08:12,095 INFO o.a.j.t.JMeterThread: Thread finished: 0. 베이스라인 성능 측정 1-94
2025-08-28 16:08:12,154 INFO o.a.j.t.JMeterThread: Thread started: 0. 베이스라인 성능 측정 1-95
2025-08-28 16:08:12,193 INFO o.a.j.t.JMeterThread: Thread is done: 0. 베이스라인 성능 측정 1-95
2025-08-28 16:08:12,193 INFO o.a.j.t.JMeterThread: Thread finished: 0. 베이스라인 성능 측정 1-95
2025-08-28 16:08:12,255 INFO o.a.j.t.JMeterThread: Thread started: 0. 베이스라인 성능 측정 1-96
2025-08-28 16:08:12,290 INFO o.a.j.t.JMeterThread: Thread is done: 0. 베이스라인 성능 측정 1-96
2025-08-28 16:08:12,290 INFO o.a.j.t.JMeterThread: Thread finished: 0. 베이스라인 성능 측정 1-96
2025-08-28 16:08:12,354 INFO o.a.j.t.JMeterThread: Thread started: 0. 베이스라인 성능 측정 1-97
2025-08-28 16:08:12,390 INFO o.a.j.t.JMeterThread: Thread is done: 0. 베이스라인 성능 측정 1-97
2025-08-28 16:08:12,390 INFO o.a.j.t.JMeterThread: Thread finished: 0. 베이스라인 성능 측정 1-97
2025-08-28 16:08:12,453 INFO o.a.j.t.JMeterThread: Thread started: 0. 베이스라인 성능 측정 1-98
2025-08-28 16:08:12,493 INFO o.a.j.t.JMeterThread: Thread is done: 0. 베이스라인 성능 측정 1-98
2025-08-28 16:08:12,493 INFO o.a.j.t.JMeterThread: Thread finished: 0. 베이스라인 성능 측정 1-98
2025-08-28 16:08:12,557 INFO o.a.j.t.JMeterThread: Thread started: 0. 베이스라인 성능 측정 1-99
2025-08-28 16:08:12,597 INFO o.a.j.t.JMeterThread: Thread is done: 0. 베이스라인 성능 측정 1-99
2025-08-28 16:08:12,597 INFO o.a.j.t.JMeterThread: Thread finished: 0. 베이스라인 성능 측정 1-99
2025-08-28 16:08:12,656 INFO o.a.j.t.JMeterThread: Thread started: 0. 베이스라인 성능 측정 1-100
2025-08-28 16:08:12,690 INFO o.a.j.t.JMeterThread: Thread is done: 0. 베이스라인 성능 측정 1-100
2025-08-28 16:08:12,690 INFO o.a.j.t.JMeterThread: Thread finished: 0. 베이스라인 성능 측정 1-100
2025-08-28 16:08:12,690 INFO o.a.j.e.StandardJMeterEngine: Notifying test listeners of end of test
2025-08-28 16:08:12,691 INFO o.a.j.g.u.JMeterMenuBar: setRunning(false, *local*)
